


ARM Macro Assembler    Page 1 


    1 00000000         ;/******************************************************
                       ***********************
    2 00000000         ; * @file:    startup_LPC17xx.s
    3 00000000         ; * @purpose: CMSIS Cortex-M3 Core Device Startup File 
    4 00000000         ; *           for the NXP LPC17xx Device Series 
    5 00000000         ; * @version: V1.01
    6 00000000         ; * @date:    21. December 2009
    7 00000000         ; *------- <<< Use Configuration Wizard in Context Menu 
                       >>> ------------------
    8 00000000         ; *
    9 00000000         ; * Copyright (C) 2009 ARM Limited. All rights reserved.
                       
   10 00000000         ; * ARM Limited (ARM) is supplying this software for use
                        with Cortex-M3 
   11 00000000         ; * processor based microcontrollers.  This file can be 
                       freely distributed 
   12 00000000         ; * within development tools that are supporting such AR
                       M based processors. 
   13 00000000         ; *
   14 00000000         ; * THIS SOFTWARE IS PROVIDED "AS IS".  NO WARRANTIES, W
                       HETHER EXPRESS, IMPLIED
   15 00000000         ; * OR STATUTORY, INCLUDING, BUT NOT LIMITED TO, IMPLIED
                        WARRANTIES OF
   16 00000000         ; * MERCHANTABILITY AND FITNESS FOR A PARTICULAR PURPOSE
                        APPLY TO THIS SOFTWARE.
   17 00000000         ; * ARM SHALL NOT, IN ANY CIRCUMSTANCES, BE LIABLE FOR S
                       PECIAL, INCIDENTAL, OR
   18 00000000         ; * CONSEQUENTIAL DAMAGES, FOR ANY REASON WHATSOEVER.
   19 00000000         ; *
   20 00000000         ; ******************************************************
                       ***********************/
   21 00000000         
   22 00000000         
   23 00000000         ; <h> Stack Configuration
   24 00000000         ;   <o> Stack Size (in Bytes) <0x0-0xFFFFFFFF:8>
   25 00000000         ; </h>
   26 00000000         
   27 00000000 00000200 
                       Stack_Size
                               EQU              0x00000200
   28 00000000         
   29 00000000                 AREA             STACK, NOINIT, READWRITE, ALIGN
=3
   30 00000000         Stack_Mem
                               SPACE            Stack_Size
   31 00000200         __initial_sp
   32 00000200         
   33 00000200         
   34 00000200         ; <h> Heap Configuration
   35 00000200         ;   <o>  Heap Size (in Bytes) <0x0-0xFFFFFFFF:8>
   36 00000200         ; </h>
   37 00000200         
   38 00000200 00000000 
                       Heap_Size
                               EQU              0x00000000
   39 00000200         
   40 00000200                 AREA             HEAP, NOINIT, READWRITE, ALIGN=
3
   41 00000000         __heap_base



ARM Macro Assembler    Page 2 


   42 00000000         Heap_Mem
                               SPACE            Heap_Size
   43 00000000         __heap_limit
   44 00000000         
   45 00000000         
   46 00000000                 PRESERVE8
   47 00000000                 THUMB
   48 00000000         
   49 00000000         
   50 00000000         ; Vector Table Mapped to Address 0 at Reset
   51 00000000         
   52 00000000                 AREA             RESET, DATA, READONLY
   53 00000000                 EXPORT           __Vectors
   54 00000000         
   55 00000000 00000000 
                       __Vectors
                               DCD              __initial_sp ; Top of Stack
   56 00000004 00000000        DCD              Reset_Handler ; Reset Handler
   57 00000008 00000000        DCD              NMI_Handler ; NMI Handler
   58 0000000C 00000000        DCD              HardFault_Handler ; Hard Fault 
                                                            Handler
   59 00000010 00000000        DCD              MemManage_Handler 
                                                            ; MPU Fault Handler
                                                            
   60 00000014 00000000        DCD              BusFault_Handler 
                                                            ; Bus Fault Handler
                                                            
   61 00000018 00000000        DCD              UsageFault_Handler ; Usage Faul
                                                            t Handler
   62 0000001C 00000000        DCD              0           ; Reserved
   63 00000020 00000000        DCD              0           ; Reserved
   64 00000024 00000000        DCD              0           ; Reserved
   65 00000028 00000000        DCD              0           ; Reserved
   66 0000002C 00000000        DCD              SVC_Handler ; SVCall Handler
   67 00000030 00000000        DCD              DebugMon_Handler ; Debug Monito
                                                            r Handler
   68 00000034 00000000        DCD              0           ; Reserved
   69 00000038 00000000        DCD              PendSV_Handler ; PendSV Handler
                                                            
   70 0000003C 00000000        DCD              SysTick_Handler 
                                                            ; SysTick Handler
   71 00000040         
   72 00000040         ; External Interrupts
   73 00000040 00000000        DCD              WDT_IRQHandler ; 16: Watchdog T
                                                            imer
   74 00000044 00000000        DCD              TIMER0_IRQHandler ; 17: Timer0
   75 00000048 00000000        DCD              TIMER1_IRQHandler ; 18: Timer1
   76 0000004C 00000000        DCD              TIMER2_IRQHandler ; 19: Timer2
   77 00000050 00000000        DCD              TIMER3_IRQHandler ; 20: Timer3
   78 00000054 00000000        DCD              UART0_IRQHandler ; 21: UART0
   79 00000058 00000000        DCD              UART1_IRQHandler ; 22: UART1
   80 0000005C 00000000        DCD              UART2_IRQHandler ; 23: UART2
   81 00000060 00000000        DCD              UART3_IRQHandler ; 24: UART3
   82 00000064 00000000        DCD              PWM1_IRQHandler ; 25: PWM1
   83 00000068 00000000        DCD              I2C0_IRQHandler ; 26: I2C0
   84 0000006C 00000000        DCD              I2C1_IRQHandler ; 27: I2C1
   85 00000070 00000000        DCD              I2C2_IRQHandler ; 28: I2C2
   86 00000074 00000000        DCD              SPI_IRQHandler ; 29: SPI
   87 00000078 00000000        DCD              SSP0_IRQHandler ; 30: SSP0



ARM Macro Assembler    Page 3 


   88 0000007C 00000000        DCD              SSP1_IRQHandler ; 31: SSP1
   89 00000080 00000000        DCD              PLL0_IRQHandler ; 32: PLL0 Lock
                                                             (Main PLL)
   90 00000084 00000000        DCD              RTC_IRQHandler ; 33: Real Time 
                                                            Clock
   91 00000088 00000000        DCD              EINT0_IRQHandler ; 34: External
                                                             Interrupt 0
   92 0000008C 00000000        DCD              EINT1_IRQHandler ; 35: External
                                                             Interrupt 1
   93 00000090 00000000        DCD              EINT2_IRQHandler ; 36: External
                                                             Interrupt 2
   94 00000094 00000000        DCD              EINT3_IRQHandler ; 37: External
                                                             Interrupt 3
   95 00000098 00000000        DCD              ADC_IRQHandler 
                                                            ; 38: A/D Converter
                                                            
   96 0000009C 00000000        DCD              BOD_IRQHandler ; 39: Brown-Out 
                                                            Detect
   97 000000A0 00000000        DCD              USB_IRQHandler ; 40: USB
   98 000000A4 00000000        DCD              CAN_IRQHandler ; 41: CAN
   99 000000A8 00000000        DCD              DMA_IRQHandler ; 42: General Pu
                                                            rpose DMA
  100 000000AC 00000000        DCD              I2S_IRQHandler ; 43: I2S
  101 000000B0 00000000        DCD              ENET_IRQHandler ; 44: Ethernet
  102 000000B4 00000000        DCD              RIT_IRQHandler ; 45: Repetitive
                                                             Interrupt Timer
  103 000000B8 00000000        DCD              MCPWM_IRQHandler ; 46: Motor Co
                                                            ntrol PWM
  104 000000BC 00000000        DCD              QEI_IRQHandler ; 47: Quadrature
                                                             Encoder Interface
  105 000000C0 00000000        DCD              PLL1_IRQHandler ; 48: PLL1 Lock
                                                             (USB PLL)
  106 000000C4 00000000        DCD              USBActivity_IRQHandler ; USB Ac
                                                            tivity interrupt to
                                                             wakeup
  107 000000C8 00000000        DCD              CANActivity_IRQHandler ; CAN Ac
                                                            tivity interrupt to
                                                             wakeup
  108 000000CC         
  109 000000CC         
  110 000000CC                 IF               :LNOT::DEF:NO_CRP
  111 000000CC                 AREA             |.ARM.__at_0x02FC|, CODE, READO
NLY
  112 00000000 FFFFFFFF 
                       CRP_Key DCD              0xFFFFFFFF
  113 00000004                 ENDIF
  114 00000004         
  115 00000004         
  116 00000004                 AREA             |.text|, CODE, READONLY
  117 00000000         
  118 00000000         
  119 00000000         ; Reset Handler
  120 00000000         
  121 00000000         Reset_Handler
                               PROC
  122 00000000                 EXPORT           Reset_Handler             [WEAK
]
  123 00000000                 IMPORT           __main
  124 00000000 481C            LDR              R0, =__main



ARM Macro Assembler    Page 4 


  125 00000002 4700            BX               R0
  126 00000004                 ENDP
  127 00000004         
  128 00000004         ; ASM_function
  129 00000004         avg_vett
                               PROC
  130 00000004                 EXPORT           avg_vett
  131 00000004         
  132 00000004 46EC            MOV              R12, SP
  133 00000006 E92D 4DF0       STMFD            SP!, {R4-R8, R10-R11, LR}
  134 0000000A         ;your code here
  135 0000000A         
  136 0000000A         ; R0 = VETT
  137 0000000A         ; R1 = N
  138 0000000A         ; R2 = flag
  139 0000000A         
  140 0000000A         ; R3 = i
  141 0000000A         ; R4 = vett[i]
  142 0000000A         ; R5 = count
  143 0000000A         ; R6
  144 0000000A         ; R7
  145 0000000A         ; R10 = average
  146 0000000A         
  147 0000000A F04F 0300       MOV              R3, #0
  148 0000000E F04F 0A00       MOV              R10, #0
  149 00000012         
  150 00000012 F850 4023 
                       loop    LDR              R4, [R0, R3, LSL #2]
  151 00000016 44A2            ADD              R10, R10, R4
  152 00000018 F103 0301       ADD              R3, R3, #1
  153 0000001C 428B            CMP              R3, R1
  154 0000001E D1F8            BNE              loop
  155 00000020         
  156 00000020 FBBA FAF1       UDIV             R10, R10, R1
  157 00000024         
  158 00000024 F04F 0300       MOV              R3, #0
  159 00000028 F04F 0500       MOV              R5, #0
  160 0000002C         
  161 0000002C F850 4023 
                       loop2   LDR              R4, [R0, R3, LSL #2]
  162 00000030 4554            CMP              R4, R10
  163 00000032 BFC8 1C6D       ADDGT            R5, R5, #1
  164 00000036 F103 0301       ADD              R3, R3, #1
  165 0000003A 428B            CMP              R3, R1
  166 0000003C D1F6            BNE              loop2
  167 0000003E         
  168 0000003E F005 0601       AND              R6, R5, #1
  169 00000042         
  170 00000042 1E76            SUBS             R6, R6, #1
  171 00000044 BF0C 2700       MOVEQ            R7, #0
  172 00000048 2701            MOVNE            R7, #1
  173 0000004A         
  174 0000004A 6017            STR              R7, [R2]
  175 0000004C         
  176 0000004C 4628            MOV              R0, R5
  177 0000004E         
  178 0000004E         ;end code
  179 0000004E E8BD 8DF0       LDMFD            SP!, {R4-R8, R10-R11, PC}
  180 00000052                 ENDP



ARM Macro Assembler    Page 5 


  181 00000052         
  182 00000052         
  183 00000052         
  184 00000052         ; Dummy Exception Handlers (infinite loops which can be 
                       modified)                
  185 00000052         
  186 00000052         NMI_Handler
                               PROC
  187 00000052                 EXPORT           NMI_Handler               [WEAK
]
  188 00000052 E7FE            B                .
  189 00000054                 ENDP
  191 00000054         HardFault_Handler
                               PROC
  192 00000054                 EXPORT           HardFault_Handler         [WEAK
]
  193 00000054 E7FE            B                .
  194 00000056                 ENDP
  196 00000056         MemManage_Handler
                               PROC
  197 00000056                 EXPORT           MemManage_Handler         [WEAK
]
  198 00000056 E7FE            B                .
  199 00000058                 ENDP
  201 00000058         BusFault_Handler
                               PROC
  202 00000058                 EXPORT           BusFault_Handler          [WEAK
]
  203 00000058 E7FE            B                .
  204 0000005A                 ENDP
  206 0000005A         UsageFault_Handler
                               PROC
  207 0000005A                 EXPORT           UsageFault_Handler        [WEAK
]
  208 0000005A E7FE            B                .
  209 0000005C                 ENDP
  210 0000005C         SVC_Handler
                               PROC
  211 0000005C                 EXPORT           SVC_Handler               [WEAK
]
  212 0000005C E7FE            B                .
  213 0000005E                 ENDP
  215 0000005E         DebugMon_Handler
                               PROC
  216 0000005E                 EXPORT           DebugMon_Handler          [WEAK
]
  217 0000005E E7FE            B                .
  218 00000060                 ENDP
  219 00000060         PendSV_Handler
                               PROC
  220 00000060                 EXPORT           PendSV_Handler            [WEAK
]
  221 00000060 E7FE            B                .
  222 00000062                 ENDP
  223 00000062         SysTick_Handler
                               PROC
  224 00000062                 EXPORT           SysTick_Handler           [WEAK
]
  225 00000062 E7FE            B                .



ARM Macro Assembler    Page 6 


  226 00000064                 ENDP
  227 00000064         
  228 00000064         Default_Handler
                               PROC
  229 00000064         
  230 00000064                 EXPORT           WDT_IRQHandler            [WEAK
]
  231 00000064                 EXPORT           TIMER0_IRQHandler         [WEAK
]
  232 00000064                 EXPORT           TIMER1_IRQHandler         [WEAK
]
  233 00000064                 EXPORT           TIMER2_IRQHandler         [WEAK
]
  234 00000064                 EXPORT           TIMER3_IRQHandler         [WEAK
]
  235 00000064                 EXPORT           UART0_IRQHandler          [WEAK
]
  236 00000064                 EXPORT           UART1_IRQHandler          [WEAK
]
  237 00000064                 EXPORT           UART2_IRQHandler          [WEAK
]
  238 00000064                 EXPORT           UART3_IRQHandler          [WEAK
]
  239 00000064                 EXPORT           PWM1_IRQHandler           [WEAK
]
  240 00000064                 EXPORT           I2C0_IRQHandler           [WEAK
]
  241 00000064                 EXPORT           I2C1_IRQHandler           [WEAK
]
  242 00000064                 EXPORT           I2C2_IRQHandler           [WEAK
]
  243 00000064                 EXPORT           SPI_IRQHandler            [WEAK
]
  244 00000064                 EXPORT           SSP0_IRQHandler           [WEAK
]
  245 00000064                 EXPORT           SSP1_IRQHandler           [WEAK
]
  246 00000064                 EXPORT           PLL0_IRQHandler           [WEAK
]
  247 00000064                 EXPORT           RTC_IRQHandler            [WEAK
]
  248 00000064                 EXPORT           EINT0_IRQHandler          [WEAK
]
  249 00000064                 EXPORT           EINT1_IRQHandler          [WEAK
]
  250 00000064                 EXPORT           EINT2_IRQHandler          [WEAK
]
  251 00000064                 EXPORT           EINT3_IRQHandler          [WEAK
]
  252 00000064                 EXPORT           ADC_IRQHandler            [WEAK
]
  253 00000064                 EXPORT           BOD_IRQHandler            [WEAK
]
  254 00000064                 EXPORT           USB_IRQHandler            [WEAK
]
  255 00000064                 EXPORT           CAN_IRQHandler            [WEAK
]
  256 00000064                 EXPORT           DMA_IRQHandler            [WEAK
]



ARM Macro Assembler    Page 7 


  257 00000064                 EXPORT           I2S_IRQHandler            [WEAK
]
  258 00000064                 EXPORT           ENET_IRQHandler           [WEAK
]
  259 00000064                 EXPORT           RIT_IRQHandler            [WEAK
]
  260 00000064                 EXPORT           MCPWM_IRQHandler          [WEAK
]
  261 00000064                 EXPORT           QEI_IRQHandler            [WEAK
]
  262 00000064                 EXPORT           PLL1_IRQHandler           [WEAK
]
  263 00000064                 EXPORT           USBActivity_IRQHandler    [WEAK
]
  264 00000064                 EXPORT           CANActivity_IRQHandler    [WEAK
]
  265 00000064         
  266 00000064         WDT_IRQHandler
  267 00000064         TIMER0_IRQHandler
  268 00000064         TIMER1_IRQHandler
  269 00000064         TIMER2_IRQHandler
  270 00000064         TIMER3_IRQHandler
  271 00000064         UART0_IRQHandler
  272 00000064         UART1_IRQHandler
  273 00000064         UART2_IRQHandler
  274 00000064         UART3_IRQHandler
  275 00000064         PWM1_IRQHandler
  276 00000064         I2C0_IRQHandler
  277 00000064         I2C1_IRQHandler
  278 00000064         I2C2_IRQHandler
  279 00000064         SPI_IRQHandler
  280 00000064         SSP0_IRQHandler
  281 00000064         SSP1_IRQHandler
  282 00000064         PLL0_IRQHandler
  283 00000064         RTC_IRQHandler
  284 00000064         EINT0_IRQHandler
  285 00000064         EINT1_IRQHandler
  286 00000064         EINT2_IRQHandler
  287 00000064         EINT3_IRQHandler
  288 00000064         ADC_IRQHandler
  289 00000064         BOD_IRQHandler
  290 00000064         USB_IRQHandler
  291 00000064         CAN_IRQHandler
  292 00000064         DMA_IRQHandler
  293 00000064         I2S_IRQHandler
  294 00000064         ENET_IRQHandler
  295 00000064         RIT_IRQHandler
  296 00000064         MCPWM_IRQHandler
  297 00000064         QEI_IRQHandler
  298 00000064         PLL1_IRQHandler
  299 00000064         USBActivity_IRQHandler
  300 00000064         CANActivity_IRQHandler
  301 00000064         
  302 00000064 E7FE            B                .
  303 00000066         
  304 00000066                 ENDP
  305 00000066         
  306 00000066         
  307 00000066 00 00           ALIGN



ARM Macro Assembler    Page 8 


  308 00000068         
  309 00000068         
  310 00000068         ; User Initial Stack & Heap
  311 00000068         
  312 00000068                 IF               :DEF:__MICROLIB
  319 00000068         
  320 00000068                 IMPORT           __use_two_region_memory
  321 00000068                 EXPORT           __user_initial_stackheap
  322 00000068         __user_initial_stackheap
  323 00000068         
  324 00000068 4803            LDR              R0, =  Heap_Mem
  325 0000006A 4904            LDR              R1, =(Stack_Mem + Stack_Size)
  326 0000006C 4A02            LDR              R2, = (Heap_Mem +  Heap_Size)
  327 0000006E 4B04            LDR              R3, = Stack_Mem
  328 00000070 4770            BX               LR
  329 00000072         
  330 00000072 00 00           ALIGN
  331 00000074         
  332 00000074                 ENDIF
  333 00000074         
  334 00000074         
  335 00000074                 END
              00000000 
              00000000 
              00000200 
              00000000 
Command Line: --debug --xref --diag_suppress=9931 --cpu=Cortex-M3 --apcs=interw
ork --depend=.\startup_lpc17xx.d -o.\startup_lpc17xx.o -I.\RTE\_Target_1 -IC:\K
eil_v5\ARM\PACK\ARM\CMSIS\5.8.0\CMSIS\Core\Include -IC:\Keil_v5\ARM\PACK\Keil\L
PC1700_DFP\2.7.1\Device\Include --predefine="__EVAL SETA 1" --predefine="__UVIS
ION_VERSION SETA 536" --predefine="_RTE_ SETA 1" --predefine="LPC175x_6x SETA 1
" --predefine="_RTE_ SETA 1" --list=.\startup_lpc17xx.lst startup_LPC17xx.s



ARM Macro Assembler    Page 1 Alphabetic symbol ordering
Relocatable symbols

STACK 00000000

Symbol: STACK
   Definitions
      At line 29 in file startup_LPC17xx.s
   Uses
      None
Comment: STACK unused
Stack_Mem 00000000

Symbol: Stack_Mem
   Definitions
      At line 30 in file startup_LPC17xx.s
   Uses
      At line 325 in file startup_LPC17xx.s
      At line 327 in file startup_LPC17xx.s

__initial_sp 00000200

Symbol: __initial_sp
   Definitions
      At line 31 in file startup_LPC17xx.s
   Uses
      At line 55 in file startup_LPC17xx.s
Comment: __initial_sp used once
3 symbols



ARM Macro Assembler    Page 1 Alphabetic symbol ordering
Relocatable symbols

HEAP 00000000

Symbol: HEAP
   Definitions
      At line 40 in file startup_LPC17xx.s
   Uses
      None
Comment: HEAP unused
Heap_Mem 00000000

Symbol: Heap_Mem
   Definitions
      At line 42 in file startup_LPC17xx.s
   Uses
      At line 324 in file startup_LPC17xx.s
      At line 326 in file startup_LPC17xx.s

__heap_base 00000000

Symbol: __heap_base
   Definitions
      At line 41 in file startup_LPC17xx.s
   Uses
      None
Comment: __heap_base unused
__heap_limit 00000000

Symbol: __heap_limit
   Definitions
      At line 43 in file startup_LPC17xx.s
   Uses
      None
Comment: __heap_limit unused
4 symbols



ARM Macro Assembler    Page 1 Alphabetic symbol ordering
Relocatable symbols

RESET 00000000

Symbol: RESET
   Definitions
      At line 52 in file startup_LPC17xx.s
   Uses
      None
Comment: RESET unused
__Vectors 00000000

Symbol: __Vectors
   Definitions
      At line 55 in file startup_LPC17xx.s
   Uses
      At line 53 in file startup_LPC17xx.s
Comment: __Vectors used once
2 symbols



ARM Macro Assembler    Page 1 Alphabetic symbol ordering
Relocatable symbols

.ARM.__at_0x02FC 00000000

Symbol: .ARM.__at_0x02FC
   Definitions
      At line 111 in file startup_LPC17xx.s
   Uses
      None
Comment: .ARM.__at_0x02FC unused
CRP_Key 00000000

Symbol: CRP_Key
   Definitions
      At line 112 in file startup_LPC17xx.s
   Uses
      None
Comment: CRP_Key unused
2 symbols



ARM Macro Assembler    Page 1 Alphabetic symbol ordering
Relocatable symbols

.text 00000000

Symbol: .text
   Definitions
      At line 116 in file startup_LPC17xx.s
   Uses
      None
Comment: .text unused
ADC_IRQHandler 00000064

Symbol: ADC_IRQHandler
   Definitions
      At line 288 in file startup_LPC17xx.s
   Uses
      At line 95 in file startup_LPC17xx.s
      At line 252 in file startup_LPC17xx.s

BOD_IRQHandler 00000064

Symbol: BOD_IRQHandler
   Definitions
      At line 289 in file startup_LPC17xx.s
   Uses
      At line 96 in file startup_LPC17xx.s
      At line 253 in file startup_LPC17xx.s

BusFault_Handler 00000058

Symbol: BusFault_Handler
   Definitions
      At line 201 in file startup_LPC17xx.s
   Uses
      At line 60 in file startup_LPC17xx.s
      At line 202 in file startup_LPC17xx.s

CANActivity_IRQHandler 00000064

Symbol: CANActivity_IRQHandler
   Definitions
      At line 300 in file startup_LPC17xx.s
   Uses
      At line 107 in file startup_LPC17xx.s
      At line 264 in file startup_LPC17xx.s

CAN_IRQHandler 00000064

Symbol: CAN_IRQHandler
   Definitions
      At line 291 in file startup_LPC17xx.s
   Uses
      At line 98 in file startup_LPC17xx.s
      At line 255 in file startup_LPC17xx.s

DMA_IRQHandler 00000064

Symbol: DMA_IRQHandler
   Definitions
      At line 292 in file startup_LPC17xx.s
   Uses



ARM Macro Assembler    Page 2 Alphabetic symbol ordering
Relocatable symbols

      At line 99 in file startup_LPC17xx.s
      At line 256 in file startup_LPC17xx.s

DebugMon_Handler 0000005E

Symbol: DebugMon_Handler
   Definitions
      At line 215 in file startup_LPC17xx.s
   Uses
      At line 67 in file startup_LPC17xx.s
      At line 216 in file startup_LPC17xx.s

Default_Handler 00000064

Symbol: Default_Handler
   Definitions
      At line 228 in file startup_LPC17xx.s
   Uses
      None
Comment: Default_Handler unused
EINT0_IRQHandler 00000064

Symbol: EINT0_IRQHandler
   Definitions
      At line 284 in file startup_LPC17xx.s
   Uses
      At line 91 in file startup_LPC17xx.s
      At line 248 in file startup_LPC17xx.s

EINT1_IRQHandler 00000064

Symbol: EINT1_IRQHandler
   Definitions
      At line 285 in file startup_LPC17xx.s
   Uses
      At line 92 in file startup_LPC17xx.s
      At line 249 in file startup_LPC17xx.s

EINT2_IRQHandler 00000064

Symbol: EINT2_IRQHandler
   Definitions
      At line 286 in file startup_LPC17xx.s
   Uses
      At line 93 in file startup_LPC17xx.s
      At line 250 in file startup_LPC17xx.s

EINT3_IRQHandler 00000064

Symbol: EINT3_IRQHandler
   Definitions
      At line 287 in file startup_LPC17xx.s
   Uses
      At line 94 in file startup_LPC17xx.s
      At line 251 in file startup_LPC17xx.s

ENET_IRQHandler 00000064

Symbol: ENET_IRQHandler



ARM Macro Assembler    Page 3 Alphabetic symbol ordering
Relocatable symbols

   Definitions
      At line 294 in file startup_LPC17xx.s
   Uses
      At line 101 in file startup_LPC17xx.s
      At line 258 in file startup_LPC17xx.s

HardFault_Handler 00000054

Symbol: HardFault_Handler
   Definitions
      At line 191 in file startup_LPC17xx.s
   Uses
      At line 58 in file startup_LPC17xx.s
      At line 192 in file startup_LPC17xx.s

I2C0_IRQHandler 00000064

Symbol: I2C0_IRQHandler
   Definitions
      At line 276 in file startup_LPC17xx.s
   Uses
      At line 83 in file startup_LPC17xx.s
      At line 240 in file startup_LPC17xx.s

I2C1_IRQHandler 00000064

Symbol: I2C1_IRQHandler
   Definitions
      At line 277 in file startup_LPC17xx.s
   Uses
      At line 84 in file startup_LPC17xx.s
      At line 241 in file startup_LPC17xx.s

I2C2_IRQHandler 00000064

Symbol: I2C2_IRQHandler
   Definitions
      At line 278 in file startup_LPC17xx.s
   Uses
      At line 85 in file startup_LPC17xx.s
      At line 242 in file startup_LPC17xx.s

I2S_IRQHandler 00000064

Symbol: I2S_IRQHandler
   Definitions
      At line 293 in file startup_LPC17xx.s
   Uses
      At line 100 in file startup_LPC17xx.s
      At line 257 in file startup_LPC17xx.s

MCPWM_IRQHandler 00000064

Symbol: MCPWM_IRQHandler
   Definitions
      At line 296 in file startup_LPC17xx.s
   Uses
      At line 103 in file startup_LPC17xx.s
      At line 260 in file startup_LPC17xx.s



ARM Macro Assembler    Page 4 Alphabetic symbol ordering
Relocatable symbols


MemManage_Handler 00000056

Symbol: MemManage_Handler
   Definitions
      At line 196 in file startup_LPC17xx.s
   Uses
      At line 59 in file startup_LPC17xx.s
      At line 197 in file startup_LPC17xx.s

NMI_Handler 00000052

Symbol: NMI_Handler
   Definitions
      At line 186 in file startup_LPC17xx.s
   Uses
      At line 57 in file startup_LPC17xx.s
      At line 187 in file startup_LPC17xx.s

PLL0_IRQHandler 00000064

Symbol: PLL0_IRQHandler
   Definitions
      At line 282 in file startup_LPC17xx.s
   Uses
      At line 89 in file startup_LPC17xx.s
      At line 246 in file startup_LPC17xx.s

PLL1_IRQHandler 00000064

Symbol: PLL1_IRQHandler
   Definitions
      At line 298 in file startup_LPC17xx.s
   Uses
      At line 105 in file startup_LPC17xx.s
      At line 262 in file startup_LPC17xx.s

PWM1_IRQHandler 00000064

Symbol: PWM1_IRQHandler
   Definitions
      At line 275 in file startup_LPC17xx.s
   Uses
      At line 82 in file startup_LPC17xx.s
      At line 239 in file startup_LPC17xx.s

PendSV_Handler 00000060

Symbol: PendSV_Handler
   Definitions
      At line 219 in file startup_LPC17xx.s
   Uses
      At line 69 in file startup_LPC17xx.s
      At line 220 in file startup_LPC17xx.s

QEI_IRQHandler 00000064

Symbol: QEI_IRQHandler
   Definitions



ARM Macro Assembler    Page 5 Alphabetic symbol ordering
Relocatable symbols

      At line 297 in file startup_LPC17xx.s
   Uses
      At line 104 in file startup_LPC17xx.s
      At line 261 in file startup_LPC17xx.s

RIT_IRQHandler 00000064

Symbol: RIT_IRQHandler
   Definitions
      At line 295 in file startup_LPC17xx.s
   Uses
      At line 102 in file startup_LPC17xx.s
      At line 259 in file startup_LPC17xx.s

RTC_IRQHandler 00000064

Symbol: RTC_IRQHandler
   Definitions
      At line 283 in file startup_LPC17xx.s
   Uses
      At line 90 in file startup_LPC17xx.s
      At line 247 in file startup_LPC17xx.s

Reset_Handler 00000000

Symbol: Reset_Handler
   Definitions
      At line 121 in file startup_LPC17xx.s
   Uses
      At line 56 in file startup_LPC17xx.s
      At line 122 in file startup_LPC17xx.s

SPI_IRQHandler 00000064

Symbol: SPI_IRQHandler
   Definitions
      At line 279 in file startup_LPC17xx.s
   Uses
      At line 86 in file startup_LPC17xx.s
      At line 243 in file startup_LPC17xx.s

SSP0_IRQHandler 00000064

Symbol: SSP0_IRQHandler
   Definitions
      At line 280 in file startup_LPC17xx.s
   Uses
      At line 87 in file startup_LPC17xx.s
      At line 244 in file startup_LPC17xx.s

SSP1_IRQHandler 00000064

Symbol: SSP1_IRQHandler
   Definitions
      At line 281 in file startup_LPC17xx.s
   Uses
      At line 88 in file startup_LPC17xx.s
      At line 245 in file startup_LPC17xx.s




ARM Macro Assembler    Page 6 Alphabetic symbol ordering
Relocatable symbols

SVC_Handler 0000005C

Symbol: SVC_Handler
   Definitions
      At line 210 in file startup_LPC17xx.s
   Uses
      At line 66 in file startup_LPC17xx.s
      At line 211 in file startup_LPC17xx.s

SysTick_Handler 00000062

Symbol: SysTick_Handler
   Definitions
      At line 223 in file startup_LPC17xx.s
   Uses
      At line 70 in file startup_LPC17xx.s
      At line 224 in file startup_LPC17xx.s

TIMER0_IRQHandler 00000064

Symbol: TIMER0_IRQHandler
   Definitions
      At line 267 in file startup_LPC17xx.s
   Uses
      At line 74 in file startup_LPC17xx.s
      At line 231 in file startup_LPC17xx.s

TIMER1_IRQHandler 00000064

Symbol: TIMER1_IRQHandler
   Definitions
      At line 268 in file startup_LPC17xx.s
   Uses
      At line 75 in file startup_LPC17xx.s
      At line 232 in file startup_LPC17xx.s

TIMER2_IRQHandler 00000064

Symbol: TIMER2_IRQHandler
   Definitions
      At line 269 in file startup_LPC17xx.s
   Uses
      At line 76 in file startup_LPC17xx.s
      At line 233 in file startup_LPC17xx.s

TIMER3_IRQHandler 00000064

Symbol: TIMER3_IRQHandler
   Definitions
      At line 270 in file startup_LPC17xx.s
   Uses
      At line 77 in file startup_LPC17xx.s
      At line 234 in file startup_LPC17xx.s

UART0_IRQHandler 00000064

Symbol: UART0_IRQHandler
   Definitions
      At line 271 in file startup_LPC17xx.s



ARM Macro Assembler    Page 7 Alphabetic symbol ordering
Relocatable symbols

   Uses
      At line 78 in file startup_LPC17xx.s
      At line 235 in file startup_LPC17xx.s

UART1_IRQHandler 00000064

Symbol: UART1_IRQHandler
   Definitions
      At line 272 in file startup_LPC17xx.s
   Uses
      At line 79 in file startup_LPC17xx.s
      At line 236 in file startup_LPC17xx.s

UART2_IRQHandler 00000064

Symbol: UART2_IRQHandler
   Definitions
      At line 273 in file startup_LPC17xx.s
   Uses
      At line 80 in file startup_LPC17xx.s
      At line 237 in file startup_LPC17xx.s

UART3_IRQHandler 00000064

Symbol: UART3_IRQHandler
   Definitions
      At line 274 in file startup_LPC17xx.s
   Uses
      At line 81 in file startup_LPC17xx.s
      At line 238 in file startup_LPC17xx.s

USBActivity_IRQHandler 00000064

Symbol: USBActivity_IRQHandler
   Definitions
      At line 299 in file startup_LPC17xx.s
   Uses
      At line 106 in file startup_LPC17xx.s
      At line 263 in file startup_LPC17xx.s

USB_IRQHandler 00000064

Symbol: USB_IRQHandler
   Definitions
      At line 290 in file startup_LPC17xx.s
   Uses
      At line 97 in file startup_LPC17xx.s
      At line 254 in file startup_LPC17xx.s

UsageFault_Handler 0000005A

Symbol: UsageFault_Handler
   Definitions
      At line 206 in file startup_LPC17xx.s
   Uses
      At line 61 in file startup_LPC17xx.s
      At line 207 in file startup_LPC17xx.s

WDT_IRQHandler 00000064



ARM Macro Assembler    Page 8 Alphabetic symbol ordering
Relocatable symbols


Symbol: WDT_IRQHandler
   Definitions
      At line 266 in file startup_LPC17xx.s
   Uses
      At line 73 in file startup_LPC17xx.s
      At line 230 in file startup_LPC17xx.s

__user_initial_stackheap 00000068

Symbol: __user_initial_stackheap
   Definitions
      At line 322 in file startup_LPC17xx.s
   Uses
      At line 321 in file startup_LPC17xx.s
Comment: __user_initial_stackheap used once
avg_vett 00000004

Symbol: avg_vett
   Definitions
      At line 129 in file startup_LPC17xx.s
   Uses
      At line 130 in file startup_LPC17xx.s
Comment: avg_vett used once
loop 00000012

Symbol: loop
   Definitions
      At line 150 in file startup_LPC17xx.s
   Uses
      At line 154 in file startup_LPC17xx.s
Comment: loop used once
loop2 0000002C

Symbol: loop2
   Definitions
      At line 161 in file startup_LPC17xx.s
   Uses
      At line 166 in file startup_LPC17xx.s
Comment: loop2 used once
51 symbols



ARM Macro Assembler    Page 1 Alphabetic symbol ordering
Absolute symbols

Heap_Size 00000000

Symbol: Heap_Size
   Definitions
      At line 38 in file startup_LPC17xx.s
   Uses
      At line 42 in file startup_LPC17xx.s
      At line 326 in file startup_LPC17xx.s

Stack_Size 00000200

Symbol: Stack_Size
   Definitions
      At line 27 in file startup_LPC17xx.s
   Uses
      At line 30 in file startup_LPC17xx.s
      At line 325 in file startup_LPC17xx.s

2 symbols



ARM Macro Assembler    Page 1 Alphabetic symbol ordering
External symbols

__main 00000000

Symbol: __main
   Definitions
      At line 123 in file startup_LPC17xx.s
   Uses
      At line 124 in file startup_LPC17xx.s
Comment: __main used once
__use_two_region_memory 00000000

Symbol: __use_two_region_memory
   Definitions
      At line 320 in file startup_LPC17xx.s
   Uses
      None
Comment: __use_two_region_memory unused
2 symbols
406 symbols in table
